<?xml version="1.0"?>
<testsuite name="PhantomJS 2.1.1 (Mac OS X 0.0.0)" package="" timestamp="2016-03-30T14:01:08" id="0" hostname="MAC000211.local" tests="8" errors="0" failures="0" time="0.058">
  <properties>
    <property name="browser.fullName" value="Mozilla/5.0 (Macintosh; Intel Mac OS X) AppleWebKit/538.1 (KHTML, like Gecko) PhantomJS/2.1.1 Safari/538.1"/>
  </properties>
  <testcase name="should compile as an image tag" time="0.031" classname="Sprite Directive"/>
  <testcase name="should have a class of test_sprite" time="0.006" classname="Sprite Directive"/>
  <testcase name="should log an error when you dont specify a sprite" time="0.003" classname="Sprite Directive"/>
  <testcase name="should not log an error when you specify a sprite" time="0.004" classname="Sprite Directive"/>
  <testcase name="should have an alt tag" time="0.004" classname="Sprite Directive"/>
  <testcase name="should log an error when you dont specify an alt tag" time="0.002" classname="Sprite Directive"/>
  <testcase name="should not log an error when you specify an alt tag" time="0.004" classname="Sprite Directive"/>
  <testcase name="should not show an error when align is not specified" time="0.004" classname="Sprite Directive"/>
  <system-out>
    <![CDATA[
]]>
  </system-out>
  <system-err/>
</testsuite>